<?xml version="1.0" encoding="UTF-8"?>
<!-- Generated by org.testng.reporters.JUnitReportReporter -->
<testsuite hostname="IN-LP-229" failures="0" tests="2" name="testCases.productPageTC" time="0.911" errors="0" timestamp="2023-11-20T19:50:26 IST" skipped="0">
  <testcase classname="testCases.productPageTC" name="productTC_01" time="0.213"/>
  <testcase classname="testCases.productPageTC" name="productTC_02" time="0.698"/>
</testsuite> <!-- testCases.productPageTC -->
