<?xml version="1.0" encoding="UTF-8"?>
<!-- Generated by org.testng.reporters.JUnitReportReporter -->
<testsuite hostname="IN-LP-229" failures="0" tests="1" name="testCases.herokuTestCase" time="8.306" errors="0" timestamp="2023-11-14T08:56:28 IST" skipped="0">
  <testcase classname="testCases.herokuTestCase" name="TC_01" time="8.306"/>
</testsuite> <!-- testCases.herokuTestCase -->
