<?xml version="1.0" encoding="UTF-8"?>
<!-- Generated by org.testng.reporters.JUnitReportReporter -->
<testsuite hostname="IN-LP-229" failures="0" tests="2" name="testCases.productPageTC" time="0.504" errors="0" timestamp="2023-11-20T17:12:10 IST" skipped="0">
  <testcase classname="testCases.productPageTC" name="productTC_01" time="0.131"/>
  <testcase classname="testCases.productPageTC" name="productTC_02" time="0.373"/>
</testsuite> <!-- testCases.productPageTC -->
