<?xml version="1.0" encoding="UTF-8"?>
<!-- Generated by org.testng.reporters.JUnitReportReporter -->
<testsuite hostname="IN-LP-229" failures="0" tests="2" name="testCases.productPageTC" time="0.260" errors="0" timestamp="2023-11-13T16:55:11 IST" skipped="0">
  <testcase classname="testCases.productPageTC" name="productTC_01" time="0.160"/>
  <testcase classname="testCases.productPageTC" name="productTC_02" time="0.100"/>
</testsuite> <!-- testCases.productPageTC -->
