<?xml version="1.0" encoding="UTF-8"?>
<!-- Generated by org.testng.reporters.JUnitReportReporter -->
<testsuite hostname="IN-LP-229" failures="0" tests="1" name="testCases.loginPageTC" time="0.455" errors="0" timestamp="2023-11-14T12:55:14 IST" skipped="0">
  <testcase classname="testCases.loginPageTC" name="loginTC_05" time="0.455"/>
</testsuite> <!-- testCases.loginPageTC -->
