<?xml version="1.0" encoding="UTF-8"?>
<!-- Generated by org.testng.reporters.JUnitReportReporter -->
<testsuite hostname="IN-LP-229" failures="0" tests="2" name="testCases.loginPageTC" time="0.632" errors="0" timestamp="2023-11-13T10:57:33 IST" skipped="0">
  <testcase classname="testCases.loginPageTC" name="loginTC_01" time="0.319"/>
  <testcase classname="testCases.loginPageTC" name="loginTC_02" time="0.313"/>
</testsuite> <!-- testCases.loginPageTC -->
